<?xml version="1.0" encoding="UTF-8"?>
<testng-results ignored="0" total="2" passed="2" failed="0" skipped="0">
  <reporter-output>
  </reporter-output>
  <suite started-at="2026-02-21T10:35:56 IST" name="Default suite" finished-at="2026-02-21T10:36:03 IST" duration-ms="6948">
    <groups>
    </groups>
    <test started-at="2026-02-21T10:35:56 IST" name="Default test" finished-at="2026-02-21T10:36:03 IST" duration-ms="6948">
      <class name="feb21.ValidateLogin">
        <test-method is-config="true" signature="setUpReport()[pri:0, instance:feb21.ValidateLogin@3857f613]" started-at="2026-02-21T10:35:56 IST" name="setUpReport" finished-at="2026-02-21T10:35:56 IST" duration-ms="144" status="PASS">
          <reporter-output>
          </reporter-output>
        </test-method> <!-- setUpReport -->
        <test-method is-config="true" signature="setupBrowser(org.testng.ITestResult)[pri:0, instance:feb21.ValidateLogin@3857f613]" started-at="2026-02-21T10:35:56 IST" name="setupBrowser" finished-at="2026-02-21T10:35:58 IST" duration-ms="1318" status="PASS">
          <params>
            <param index="0">
              <value>
                <![CDATA[[TestResult name={null} status=CREATED method=ValidateLogin.ValidTest()[pri:0, instance:feb21.ValidateLogin@3857f613] output={null}]]]>
              </value>
            </param>
          </params>
          <reporter-output>
          </reporter-output>
        </test-method> <!-- setupBrowser -->
        <test-method signature="ValidTest()[pri:0, instance:feb21.ValidateLogin@3857f613]" started-at="2026-02-21T10:35:58 IST" name="ValidTest" finished-at="2026-02-21T10:36:00 IST" duration-ms="2211" status="PASS">
          <reporter-output>
          </reporter-output>
        </test-method> <!-- ValidTest -->
        <test-method is-config="true" signature="tearDown(org.testng.ITestResult)[pri:0, instance:feb21.ValidateLogin@3857f613]" started-at="2026-02-21T10:36:00 IST" name="tearDown" finished-at="2026-02-21T10:36:00 IST" duration-ms="160" status="PASS">
          <params>
            <param index="0">
              <value>
                <![CDATA[[TestResult name=ValidTest status=SUCCESS method=ValidateLogin.ValidTest()[pri:0, instance:feb21.ValidateLogin@3857f613] output={null}]]]>
              </value>
            </param>
          </params>
          <reporter-output>
          </reporter-output>
        </test-method> <!-- tearDown -->
        <test-method is-config="true" signature="setupBrowser(org.testng.ITestResult)[pri:0, instance:feb21.ValidateLogin@3857f613]" started-at="2026-02-21T10:36:00 IST" name="setupBrowser" finished-at="2026-02-21T10:36:01 IST" duration-ms="853" status="PASS">
          <params>
            <param index="0">
              <value>
                <![CDATA[[TestResult name={null} status=CREATED method=ValidateLogin.InvalidTest()[pri:1, instance:feb21.ValidateLogin@3857f613] output={null}]]]>
              </value>
            </param>
          </params>
          <reporter-output>
          </reporter-output>
        </test-method> <!-- setupBrowser -->
        <test-method signature="InvalidTest()[pri:1, instance:feb21.ValidateLogin@3857f613]" started-at="2026-02-21T10:36:01 IST" name="InvalidTest" finished-at="2026-02-21T10:36:03 IST" duration-ms="2251" status="PASS">
          <reporter-output>
          </reporter-output>
        </test-method> <!-- InvalidTest -->
        <test-method is-config="true" signature="tearDown(org.testng.ITestResult)[pri:0, instance:feb21.ValidateLogin@3857f613]" started-at="2026-02-21T10:36:03 IST" name="tearDown" finished-at="2026-02-21T10:36:03 IST" duration-ms="129" status="PASS">
          <params>
            <param index="0">
              <value>
                <![CDATA[[TestResult name=InvalidTest status=SUCCESS method=ValidateLogin.InvalidTest()[pri:1, instance:feb21.ValidateLogin@3857f613] output={null}]]]>
              </value>
            </param>
          </params>
          <reporter-output>
          </reporter-output>
        </test-method> <!-- tearDown -->
        <test-method is-config="true" signature="flushReport()[pri:0, instance:feb21.ValidateLogin@3857f613]" started-at="2026-02-21T10:36:03 IST" name="flushReport" finished-at="2026-02-21T10:36:04 IST" duration-ms="282" status="PASS">
          <reporter-output>
          </reporter-output>
        </test-method> <!-- flushReport -->
      </class> <!-- feb21.ValidateLogin -->
    </test> <!-- Default test -->
  </suite> <!-- Default suite -->
</testng-results>
