<?xml version="1.0" encoding="UTF-8"?>
<!-- Generated by org.testng.reporters.JUnitReportReporter -->
<testsuite hostname="DESKTOP-1RLTEAV" failures="0" tests="3" name="feb18.LoginTest" time="12.864" errors="0" timestamp="2026-02-20T12:31:43 IST" skipped="0">
  <testcase classname="feb18.LoginTest" name="VerifyTitle1" time="4.563"/>
  <testcase classname="feb18.LoginTest" name="verifyLogin" time="4.241"/>
  <testcase classname="feb18.LoginTest" name="VerifyTitle" time="4.060"/>
</testsuite> <!-- feb18.LoginTest -->
